<?xml version="1.0" encoding="UTF-8"?>
<testng-results ignored="0" total="1" passed="1" failed="0" skipped="0">
  <reporter-output>
  </reporter-output>
  <suite started-at="2020-01-10T05:00:50Z" name="Command line suite" finished-at="2020-01-10T05:00:50Z" duration-ms="11">
    <groups>
    </groups>
    <test started-at="2020-01-10T05:00:50Z" name="Command line test" finished-at="2020-01-10T05:00:50Z" duration-ms="11">
      <class name="PageObjectModel.Test.AppTest">
        <test-method signature="testApp()[pri:0, instance:testApp(PageObjectModel.Test.AppTest)]" started-at="2020-01-10T12:00:50Z" name="testApp" finished-at="2020-01-10T12:00:50Z" duration-ms="1" status="PASS">
          <reporter-output>
          </reporter-output>
        </test-method> <!-- testApp -->
      </class> <!-- PageObjectModel.Test.AppTest -->
    </test> <!-- Command line test -->
  </suite> <!-- Command line suite -->
</testng-results>
