<?xml version="1.0" encoding="UTF-8"?>
<testng-results ignored="0" total="1" passed="1" failed="0" skipped="0">
  <reporter-output>
  </reporter-output>
  <suite started-at="2020-01-10T09:47:56 ICT" name="Default suite" finished-at="2020-01-10T09:48:16 ICT" duration-ms="19198">
    <groups>
    </groups>
    <test started-at="2020-01-10T09:47:56 ICT" name="Default test" finished-at="2020-01-10T09:48:16 ICT" duration-ms="19198">
      <class name="TC.LoginTC">
        <test-method is-config="true" signature="setup()[pri:0, instance:TC.LoginTC@2fd6b6c7]" started-at="2020-01-10T09:47:56 ICT" name="setup" finished-at="2020-01-10T09:48:10 ICT" duration-ms="13463" status="PASS">
          <reporter-output>
          </reporter-output>
        </test-method> <!-- setup -->
        <test-method signature="validUsernameAndPassword()[pri:0, instance:TC.LoginTC@2fd6b6c7]" started-at="2020-01-10T09:48:10 ICT" name="validUsernameAndPassword" finished-at="2020-01-10T09:48:11 ICT" duration-ms="1513" status="PASS">
          <reporter-output>
          </reporter-output>
        </test-method> <!-- validUsernameAndPassword -->
        <test-method is-config="true" signature="close()[pri:0, instance:TC.LoginTC@2fd6b6c7]" started-at="2020-01-10T09:48:11 ICT" name="close" finished-at="2020-01-10T09:48:15 ICT" duration-ms="4188" status="PASS">
          <reporter-output>
          </reporter-output>
        </test-method> <!-- close -->
      </class> <!-- TC.LoginTC -->
    </test> <!-- Default test -->
  </suite> <!-- Default suite -->
</testng-results>
